<?xml version="1.0" encoding="UTF-8"?>
<!-- Generated by org.testng.reporters.JUnitReportReporter -->
<testsuite skipped="0" hostname="DESKTOP-3KA80RE" name="com.crm.qa.testcases.TestContactspage" tests="3" failures="0" timestamp="2019-12-17T17:39:59 IST" time="90.242" errors="0">
  <testcase name="validateNewContactTest" time="29.139" classname="com.crm.qa.testcases.TestContactspage"/>
  <testcase name="validateNewContactTest" time="31.680" classname="com.crm.qa.testcases.TestContactspage"/>
  <testcase name="validateNewContactTest" time="29.423" classname="com.crm.qa.testcases.TestContactspage"/>
</testsuite> <!-- com.crm.qa.testcases.TestContactspage -->
