<?xml version="1.0" encoding="UTF-8"?>
<!-- Generated by org.testng.reporters.JUnitReportReporter -->
<testsuite skipped="0" hostname="DESKTOP-3KA80RE" name="com.crm.qa.testcases.TestLoginpage" tests="3" failures="0" timestamp="2019-12-17T17:39:59 IST" time="56.574" errors="0">
  <testcase name="validateloginfunctionalityTest" time="25.027" classname="com.crm.qa.testcases.TestLoginpage"/>
  <testcase name="validatesignuplinkTest" time="16.573" classname="com.crm.qa.testcases.TestLoginpage"/>
  <testcase name="loginpagetitleTest" time="14.974" classname="com.crm.qa.testcases.TestLoginpage"/>
</testsuite> <!-- com.crm.qa.testcases.TestLoginpage -->
