<?xml version="1.0" encoding="UTF-8"?>
<!-- Generated by org.testng.reporters.JUnitReportReporter -->
<testsuite skipped="0" hostname="DESKTOP-3KA80RE" name="com.crm.qa.testcases.TestHomepage" tests="4" failures="0" timestamp="2019-12-17T17:40:00 IST" time="106.286" errors="0">
  <testcase name="validateUserDisplayTest" time="26.383" classname="com.crm.qa.testcases.TestHomepage"/>
  <testcase name="validateSearchbuttonTest" time="25.813" classname="com.crm.qa.testcases.TestHomepage"/>
  <testcase name="validateContactslinkTest" time="25.251" classname="com.crm.qa.testcases.TestHomepage"/>
  <testcase name="validateDealslinkTest" time="28.839" classname="com.crm.qa.testcases.TestHomepage"/>
</testsuite> <!-- com.crm.qa.testcases.TestHomepage -->
